<?xml version="1.0" encoding="UTF-8"?>
<testsuite xmlns:xsi="http://www.w3.org/2001/XMLSchema-instance" xsi:noNamespaceSchemaLocation="https://maven.apache.org/surefire/maven-surefire-plugin/xsd/surefire-test-report.xsd" name="de.tum.i13.TestsMilestone3" time="3.051" tests="5" errors="1" skipped="0" failures="1">
  <properties>
    <property name="java.specification.version" value="14"/>
    <property name="sun.cpu.isalist" value="amd64"/>
    <property name="sun.jnu.encoding" value="Cp1252"/>
    <property name="java.class.path" value="D:\Dokumente\Universität\CDB\milestone2_base\target\test-classes;D:\Dokumente\Universität\CDB\milestone2_base\target\classes;C:\Users\madan\.m2\repository\info\picocli\picocli\4.0.4\picocli-4.0.4.jar;C:\Users\madan\.m2\repository\org\junit\jupiter\junit-jupiter-engine\5.5.2\junit-jupiter-engine-5.5.2.jar;C:\Users\madan\.m2\repository\org\apiguardian\apiguardian-api\1.1.0\apiguardian-api-1.1.0.jar;C:\Users\madan\.m2\repository\org\junit\platform\junit-platform-engine\1.5.2\junit-platform-engine-1.5.2.jar;C:\Users\madan\.m2\repository\org\opentest4j\opentest4j\1.2.0\opentest4j-1.2.0.jar;C:\Users\madan\.m2\repository\org\junit\platform\junit-platform-commons\1.5.2\junit-platform-commons-1.5.2.jar;C:\Users\madan\.m2\repository\org\junit\jupiter\junit-jupiter-api\5.5.2\junit-jupiter-api-5.5.2.jar;C:\Users\madan\.m2\repository\org\mockito\mockito-core\3.1.0\mockito-core-3.1.0.jar;C:\Users\madan\.m2\repository\net\bytebuddy\byte-buddy\1.9.10\byte-buddy-1.9.10.jar;C:\Users\madan\.m2\repository\net\bytebuddy\byte-buddy-agent\1.9.10\byte-buddy-agent-1.9.10.jar;C:\Users\madan\.m2\repository\org\objenesis\objenesis\2.6\objenesis-2.6.jar;C:\Users\madan\.m2\repository\org\hamcrest\hamcrest-library\2.2-rc1\hamcrest-library-2.2-rc1.jar;C:\Users\madan\.m2\repository\org\hamcrest\hamcrest-core\2.2-rc1\hamcrest-core-2.2-rc1.jar;C:\Users\madan\.m2\repository\org\hamcrest\hamcrest\2.2-rc1\hamcrest-2.2-rc1.jar;C:\Users\madan\.m2\repository\org\openjfx\javafx-base\14.0.1\javafx-base-14.0.1.jar;C:\Users\madan\.m2\repository\org\openjfx\javafx-base\14.0.1\javafx-base-14.0.1-win.jar;C:\Users\madan\.m2\repository\jakarta\xml\bind\jakarta.xml.bind-api\2.3.3\jakarta.xml.bind-api-2.3.3.jar;C:\Users\madan\.m2\repository\jakarta\activation\jakarta.activation-api\1.2.2\jakarta.activation-api-1.2.2.jar;"/>
    <property name="java.vm.vendor" value="Oracle Corporation"/>
    <property name="sun.arch.data.model" value="64"/>
    <property name="user.variant" value=""/>
    <property name="java.vendor.url" value="https://java.oracle.com/"/>
    <property name="user.timezone" value="Europe/Berlin"/>
    <property name="os.name" value="Windows 10"/>
    <property name="java.vm.specification.version" value="14"/>
    <property name="sun.java.launcher" value="SUN_STANDARD"/>
    <property name="user.country" value="DE"/>
    <property name="sun.boot.library.path" value="C:\Program Files\Java\jdk-14.0.1\bin"/>
    <property name="sun.java.command" value="C:\Users\madan\AppData\Local\Temp\surefire1238290403088822354\surefirebooter14959828851912680680.jar C:\Users\madan\AppData\Local\Temp\surefire1238290403088822354 2021-12-13T19-24-13_355-jvmRun1 surefire6597292904181691594tmp surefire_0157998377143581845tmp"/>
    <property name="jdk.debug" value="release"/>
    <property name="surefire.test.class.path" value="D:\Dokumente\Universität\CDB\milestone2_base\target\test-classes;D:\Dokumente\Universität\CDB\milestone2_base\target\classes;C:\Users\madan\.m2\repository\info\picocli\picocli\4.0.4\picocli-4.0.4.jar;C:\Users\madan\.m2\repository\org\junit\jupiter\junit-jupiter-engine\5.5.2\junit-jupiter-engine-5.5.2.jar;C:\Users\madan\.m2\repository\org\apiguardian\apiguardian-api\1.1.0\apiguardian-api-1.1.0.jar;C:\Users\madan\.m2\repository\org\junit\platform\junit-platform-engine\1.5.2\junit-platform-engine-1.5.2.jar;C:\Users\madan\.m2\repository\org\opentest4j\opentest4j\1.2.0\opentest4j-1.2.0.jar;C:\Users\madan\.m2\repository\org\junit\platform\junit-platform-commons\1.5.2\junit-platform-commons-1.5.2.jar;C:\Users\madan\.m2\repository\org\junit\jupiter\junit-jupiter-api\5.5.2\junit-jupiter-api-5.5.2.jar;C:\Users\madan\.m2\repository\org\mockito\mockito-core\3.1.0\mockito-core-3.1.0.jar;C:\Users\madan\.m2\repository\net\bytebuddy\byte-buddy\1.9.10\byte-buddy-1.9.10.jar;C:\Users\madan\.m2\repository\net\bytebuddy\byte-buddy-agent\1.9.10\byte-buddy-agent-1.9.10.jar;C:\Users\madan\.m2\repository\org\objenesis\objenesis\2.6\objenesis-2.6.jar;C:\Users\madan\.m2\repository\org\hamcrest\hamcrest-library\2.2-rc1\hamcrest-library-2.2-rc1.jar;C:\Users\madan\.m2\repository\org\hamcrest\hamcrest-core\2.2-rc1\hamcrest-core-2.2-rc1.jar;C:\Users\madan\.m2\repository\org\hamcrest\hamcrest\2.2-rc1\hamcrest-2.2-rc1.jar;C:\Users\madan\.m2\repository\org\openjfx\javafx-base\14.0.1\javafx-base-14.0.1.jar;C:\Users\madan\.m2\repository\org\openjfx\javafx-base\14.0.1\javafx-base-14.0.1-win.jar;C:\Users\madan\.m2\repository\jakarta\xml\bind\jakarta.xml.bind-api\2.3.3\jakarta.xml.bind-api-2.3.3.jar;C:\Users\madan\.m2\repository\jakarta\activation\jakarta.activation-api\1.2.2\jakarta.activation-api-1.2.2.jar;"/>
    <property name="sun.cpu.endian" value="little"/>
    <property name="user.home" value="C:\Users\madan"/>
    <property name="user.language" value="de"/>
    <property name="java.specification.vendor" value="Oracle Corporation"/>
    <property name="java.version.date" value="2020-04-14"/>
    <property name="java.home" value="C:\Program Files\Java\jdk-14.0.1"/>
    <property name="file.separator" value="\"/>
    <property name="basedir" value="D:\Dokumente\Universität\CDB\milestone2_base"/>
    <property name="java.vm.compressedOopsMode" value="32-bit"/>
    <property name="line.separator" value="&#10;"/>
    <property name="java.vm.specification.vendor" value="Oracle Corporation"/>
    <property name="java.specification.name" value="Java Platform API Specification"/>
    <property name="surefire.real.class.path" value="C:\Users\madan\AppData\Local\Temp\surefire1238290403088822354\surefirebooter14959828851912680680.jar"/>
    <property name="user.script" value=""/>
    <property name="sun.management.compiler" value="HotSpot 64-Bit Tiered Compilers"/>
    <property name="java.runtime.version" value="14.0.1+7"/>
    <property name="user.name" value="Ebin"/>
    <property name="path.separator" value=";"/>
    <property name="os.version" value="10.0"/>
    <property name="java.runtime.name" value="Java(TM) SE Runtime Environment"/>
    <property name="file.encoding" value="Cp1252"/>
    <property name="java.vm.name" value="Java HotSpot(TM) 64-Bit Server VM"/>
    <property name="localRepository" value="C:\Users\madan\.m2\repository"/>
    <property name="java.vendor.url.bug" value="https://bugreport.java.com/bugreport/"/>
    <property name="java.io.tmpdir" value="C:\Users\madan\AppData\Local\Temp\"/>
    <property name="idea.version" value="2021.2.3"/>
    <property name="java.version" value="14.0.1"/>
    <property name="user.dir" value="D:\Dokumente\Universität\CDB\milestone2_base"/>
    <property name="os.arch" value="amd64"/>
    <property name="java.vm.specification.name" value="Java Virtual Machine Specification"/>
    <property name="sun.os.patch.level" value=""/>
    <property name="java.library.path" value="C:\Program Files\Java\jdk-14.0.1\bin;C:\WINDOWS\Sun\Java\bin;C:\WINDOWS\system32;C:\WINDOWS;C:Users\madan\gurobi911\win64\bin;C:\Program Files (x86)\Intel\iCLS Client\;C:\Program Files\Intel\iCLS Client\;C:\Windows\system32;C:\Windows;C:\Windows\System32\Wbem;C:\Windows\System32\WindowsPowerShell\v1.0\;C:\WINDOWS\system32;C:\WINDOWS;C:\WINDOWS\System32\Wbem;C:\WINDOWS\System32\WindowsPowerShell\v1.0\;C:\WINDOWS\System32\OpenSSH\;C:\Program Files (x86)\NVIDIA Corporation\PhysX\Common;C:\Program Files (x86)\Intel\Intel(R) Management Engine Components\DAL;C:\Program Files\Intel\Intel(R) Management Engine Components\DAL;C:\Program Files (x86)\Intel\Intel(R) Management Engine Components\IPT;C:\Program Files\Intel\Intel(R) Management Engine Components\IPT;C:\Program Files\PuTTY\;C:\Program Files\Git\cmd;C:\Program Files\Java\jdk-14.0.1\bin;C:\Users\madan\AppData\Local\Microsoft\WindowsApps;;."/>
    <property name="java.vm.info" value="mixed mode, sharing"/>
    <property name="java.vendor" value="Oracle Corporation"/>
    <property name="java.vm.version" value="14.0.1+7"/>
    <property name="sun.io.unicode.encoding" value="UnicodeLittle"/>
    <property name="java.class.version" value="58.0"/>
  </properties>
  <testcase name="testUpdate_metaData" classname="de.tum.i13.TestsMilestone3" time="0.258"/>
  <testcase name="testHash" classname="de.tum.i13.TestsMilestone3" time="0"/>
  <testcase name="testTransfer_all" classname="de.tum.i13.TestsMilestone3" time="0.696">
    <failure message="expected: &lt;get_success Test Transfer&gt; but was: &lt;server_not_responsible&gt;" type="org.opentest4j.AssertionFailedError"><![CDATA[org.opentest4j.AssertionFailedError: expected: <get_success Test Transfer> but was: <server_not_responsible>
	at de.tum.i13.TestsMilestone3.testTransfer_all(TestsMilestone3.java:173)
]]></failure>
    <system-out><![CDATA[Added Server 127.0.0.1:5153 to the storage service
Range of the server a0d35786369d54772965a36ed3bd4eb7-a0d35786369d54772965a36ed3bd4eb6
Added Server 127.0.0.1:5153 to the storage service
Added Server transfer Hello World to the storage service
Range of the server a0d35786369d54772965a36ed3bd4eb7-a0d35786369d54772965a36ed3bd4eb6
Added Server 127.0.0.1:5153 to the storage service
Range of the server a0d35786369d54772965a36ed3bd4eb7-bb8fccd6254363033af9e837d0e789f8
Added Server 127.0.0.1:5155 to the storage service
Error reading from server: Connection reset
New range of server a0d35786369d54772965a36ed3bd4eb7-a0d35786369d54772965a36ed3bd4eb6
New range of server a0d35786369d54772965a36ed3bd4eb7-bb8fccd6254363033af9e837d0e789f8
New range of server 935b6cda1c55fce73be755ccf13b69d5-a0d35786369d54772965a36ed3bd4eb6
New range of server a0d35786369d54772965a36ed3bd4eb7-bb8fccd6254363033af9e837d0e789f8
New range of server 935b6cda1c55fce73be755ccf13b69d5-a0d35786369d54772965a36ed3bd4eb6
New range of server a0d35786369d54772965a36ed3bd4eb7-bb8fccd6254363033af9e837d0e789f8
New range of server 935b6cda1c55fce73be755ccf13b69d5-a0d35786369d54772965a36ed3bd4eb6
]]></system-out>
    <system-err><![CDATA[2021-12-13 19:24:14.762 INFO    [de.tum.i13.server.echo.EchoLogic] Setting up connection to ECS 
2021-12-13 19:24:14.762 INFO    [de.tum.i13.ecs.StartECSServer] Handling new Server in new Thread 
2021-12-13 19:24:14.778 INFO    [de.tum.i13.ecs.StartECSServer] Initializing transfer from Server 127.0.0.1:5153 to Server 127.0.0.1:5153 for range a0d35786369d54772965a36ed3bd4eb7-a0d35786369d54772965a36ed3bd4eb6 
2021-12-13 19:24:14.778 INFO    [de.tum.i13.server.echo.EchoLogic] Received command from ECS: transfer 127.0.0.1:5153 127.0.0.1:5153 a0d35786369d54772965a36ed3bd4eb7-a0d35786369d54772965a36ed3bd4eb6 
2021-12-13 19:24:14.778 INFO    [de.tum.i13.ecs.StartECSServer] Handling new Server in new Thread 
2021-12-13 19:24:14.778 INFO    [de.tum.i13.server.threadperconnection.Main] New Thread Thread-11 is running 
2021-12-13 19:24:14.793 INFO    [de.tum.i13.server.echo.EchoLogic] Connection with ECS Server successful 
2021-12-13 19:24:14.793 INFO    [de.tum.i13.ecs.StartECSServer] Adding new Server 127.0.0.1:5153 to the storage system 
2021-12-13 19:24:14.793 INFO    [de.tum.i13.server.echo.EchoLogic] Setting up connection to ECS 
2021-12-13 19:24:14.793 INFO    [de.tum.i13.ecs.StartECSServer] Server ready for transfer 
2021-12-13 19:24:14.803 INFO    [de.tum.i13.ecs.StartECSServer] Handling new Server in new Thread 
2021-12-13 19:24:14.803 INFO    [de.tum.i13.server.threadperconnection.Main] New Thread Thread-12 is running 
2021-12-13 19:24:14.803 INFO    [de.tum.i13.server.echo.EchoLogic] Connection with ECS Server successful 
2021-12-13 19:24:14.803 INFO    [de.tum.i13.server.echo.EchoLogic] Transferring data in range a0d35786369d54772965a36ed3bd4eb7-a0d35786369d54772965a36ed3bd4eb6 to server 127.0.0.1:5153 
2021-12-13 19:24:14.828 INFO    [de.tum.i13.server.echo.EchoLogic] Transfer completed 
2021-12-13 19:24:14.830 INFO    [de.tum.i13.server.echo.EchoLogic] Received command from ECS: start 
2021-12-13 19:24:14.832 INFO    [de.tum.i13.ecs.StartECSServer] Initializing transfer from Server 127.0.0.1:5153 to Server 127.0.0.1:5153 for range a0d35786369d54772965a36ed3bd4eb7-a0d35786369d54772965a36ed3bd4eb6 
2021-12-13 19:24:14.835 INFO    [de.tum.i13.ecs.StartECSServer] Adding new Server transfer Hello World to the storage system 
2021-12-13 19:24:14.851 INFO    [de.tum.i13.server.threadperconnection.Main] New Thread Thread-17 is running 
2021-12-13 19:24:14.851 INFO    [de.tum.i13.server.echo.EchoLogic] Connection with ECS Server successful 
java.net.SocketException: Connection reset
	at java.base/sun.nio.ch.NioSocketImpl.implRead(NioSocketImpl.java:323)
	at java.base/sun.nio.ch.NioSocketImpl.read(NioSocketImpl.java:350)
	at java.base/sun.nio.ch.NioSocketImpl$1.read(NioSocketImpl.java:803)
	at java.base/java.net.Socket$SocketInputStream.read(Socket.java:982)
	at java.base/sun.nio.cs.StreamDecoder.readBytes(StreamDecoder.java:297)
	at java.base/sun.nio.cs.StreamDecoder.implRead(StreamDecoder.java:339)
	at java.base/sun.nio.cs.StreamDecoder.read(StreamDecoder.java:188)
	at java.base/java.io.InputStreamReader.read(InputStreamReader.java:181)
	at java.base/java.io.BufferedReader.fill(BufferedReader.java:161)
	at java.base/java.io.BufferedReader.readLine(BufferedReader.java:326)
	at java.base/java.io.BufferedReader.readLine(BufferedReader.java:392)
	at de.tum.i13.ecs.ActiveConnection.readline(ActiveConnection.java:29)
	at de.tum.i13.ecs.ConnectionHandleThread.readLine(ConnectionHandleThread.java:102)
	at de.tum.i13.ecs.ECSLogic.add(ECSLogic.java:72)
	at de.tum.i13.ecs.ConnectionHandleThread.run(ConnectionHandleThread.java:35)
2021-12-13 19:24:14.855 INFO    [de.tum.i13.server.echo.EchoLogic] Received command from ECS: transfer 127.0.0.1:5153 127.0.0.1:5153 a0d35786369d54772965a36ed3bd4eb7-a0d35786369d54772965a36ed3bd4eb6 
2021-12-13 19:24:14.861 INFO    [de.tum.i13.ecs.StartECSServer] Handling new Server in new Thread 
2021-12-13 19:24:14.851 INFO    [de.tum.i13.server.echo.EchoLogic] received command: transfer_successful 
2021-12-13 19:24:14.878 INFO    [de.tum.i13.ecs.StartECSServer] Initializing transfer from Server 127.0.0.1:5153 to Server transfer Hello World for range a0d35786369d54772965a36ed3bd4eb7-935b6cda1c55fce73be755ccf13b69d4 
2021-12-13 19:24:14.887 INFO    [de.tum.i13.server.nio.StartSimpleNioServer] Config: Config{port=5155, listenaddr='127.0.0.1', bootstrap=/127.0.0.1:5153, dataDir=5155, logfile=echo.log, usagehelp=false} 
2021-12-13 19:24:14.892 INFO    [de.tum.i13.server.nio.StartSimpleNioServer] Starting server 
2021-12-13 19:24:14.893 INFO    [de.tum.i13.server.echo.EchoLogic] Setting up connection to ECS 
2021-12-13 19:24:14.898 INFO    [de.tum.i13.ecs.StartECSServer] Handling new Server in new Thread 
2021-12-13 19:24:14.902 INFO    [de.tum.i13.ecs.StartECSServer] Updating Metadata on all servers 
2021-12-13 19:24:14.904 INFO    [de.tum.i13.ecs.StartECSServer] Adding new Server 127.0.0.1:5153 to the storage system 
2021-12-13 19:24:14.903 INFO    [de.tum.i13.server.threadperconnection.Main] New Thread Thread-20 is running 
2021-12-13 19:24:14.904 INFO    [de.tum.i13.ecs.StartECSServer] Server ready for transfer 
2021-12-13 19:24:14.908 INFO    [de.tum.i13.server.echo.EchoLogic] Received command from ECS: transfer_all x 127.0.0.1:5155 ALL 
2021-12-13 19:24:14.909 INFO    [de.tum.i13.server.echo.EchoLogic] Connection with ECS Server successful 
2021-12-13 19:24:14.909 INFO    [de.tum.i13.server.echo.EchoLogic] Transfer completed 
2021-12-13 19:24:14.909 INFO    [de.tum.i13.server.echo.EchoLogic] Received command from ECS: start 
2021-12-13 19:24:14.909 INFO    [de.tum.i13.server.echo.EchoLogic] received command: transfer_successful 
2021-12-13 19:24:14.909 INFO    [de.tum.i13.server.echo.EchoLogic] Received command from ECS: transfer 127.0.0.1:5153 transfer Hello World a0d35786369d54772965a36ed3bd4eb7-935b6cda1c55fce73be755ccf13b69d4 
Exception in thread "Thread-15" java.lang.ArrayIndexOutOfBoundsException: Index 1 out of bounds for length 1
	at de.tum.i13.server.echo.ECSManager.transfer(ECSManager.java:118)
	at de.tum.i13.server.echo.ECSManager.process(ECSManager.java:94)
	at de.tum.i13.server.echo.ReadThread.run(ReadThread.java:26)
2021-12-13 19:24:14.929 INFO    [de.tum.i13.ecs.StartECSServer] Initializing transfer from Server 127.0.0.1:5153 to Server 127.0.0.1:5153 for range 935b6cda1c55fce73be755ccf13b69d5-a0d35786369d54772965a36ed3bd4eb6 
2021-12-13 19:24:14.931 INFO    [de.tum.i13.ecs.StartECSServer] Updating Metadata on all servers 
2021-12-13 19:24:14.947 INFO    [de.tum.i13.server.threadperconnection.Main] New Thread Thread-22 is running 
2021-12-13 19:24:14.962 INFO    [de.tum.i13.server.echo.EchoLogic] Connection with ECS Server successful 
2021-12-13 19:24:14.962 INFO    [de.tum.i13.ecs.StartECSServer] Adding new Server 127.0.0.1:5155 to the storage system 
2021-12-13 19:24:14.962 INFO    [de.tum.i13.ecs.StartECSServer] Server ready for transfer 
2021-12-13 19:24:14.994 INFO    [de.tum.i13.ecs.StartECSServer] Initializing transfer from Server 127.0.0.1:5153 to Server 127.0.0.1:5155 for range a0d35786369d54772965a36ed3bd4eb7-bb8fccd6254363033af9e837d0e789f8 
2021-12-13 19:24:14.994 INFO    [de.tum.i13.server.echo.EchoLogic] Received command from ECS: transfer 127.0.0.1:5153 127.0.0.1:5153 935b6cda1c55fce73be755ccf13b69d5-a0d35786369d54772965a36ed3bd4eb6 
2021-12-13 19:24:15.008 INFO    [de.tum.i13.ecs.StartECSServer] Handling new Server in new Thread 
java.net.SocketException: Connection reset
	at java.base/sun.nio.ch.NioSocketImpl.implRead(NioSocketImpl.java:325)
	at java.base/sun.nio.ch.NioSocketImpl.read(NioSocketImpl.java:350)
	at java.base/sun.nio.ch.NioSocketImpl$1.read(NioSocketImpl.java:803)
	at java.base/java.net.Socket$SocketInputStream.read(Socket.java:982)
	at java.base/sun.nio.cs.StreamDecoder.readBytes(StreamDecoder.java:297)
	at java.base/sun.nio.cs.StreamDecoder.implRead(StreamDecoder.java:339)
	at java.base/sun.nio.cs.StreamDecoder.read(StreamDecoder.java:188)
	at java.base/java.io.InputStreamReader.read(InputStreamReader.java:181)
	at java.base/java.io.BufferedReader.fill(BufferedReader.java:161)
	at java.base/java.io.BufferedReader.readLine(BufferedReader.java:326)
	at java.base/java.io.BufferedReader.readLine(BufferedReader.java:392)
	at de.tum.i13.ecs.ReadThread.run(ReadThread.java:21)
2021-12-13 19:24:15.055 INFO    [de.tum.i13.server.echo.EchoLogic] Received command from ECS: start 
2021-12-13 19:24:15.055 INFO    [de.tum.i13.server.threadperconnection.Main] New Thread Thread-32 is running 
2021-12-13 19:24:15.055 INFO    [de.tum.i13.server.echo.EchoLogic] Connection with ECS Server successful 
2021-12-13 19:24:15.055 INFO    [de.tum.i13.server.echo.EchoLogic] Transferring data in range 935b6cda1c55fce73be755ccf13b69d5-a0d35786369d54772965a36ed3bd4eb6 to server 127.0.0.1:5153 
2021-12-13 19:24:15.055 INFO    [de.tum.i13.server.echo.EchoLogic] Transfer completed 
2021-12-13 19:24:15.071 INFO    [de.tum.i13.server.echo.EchoLogic] Received command from ECS: start 
2021-12-13 19:24:15.071 INFO    [de.tum.i13.server.echo.EchoLogic] Received command from ECS: update_metaData a0d35786369d54772965a36ed3bd4eb7-a0d35786369d54772965a36ed3bd4eb6,127.0.0.1:5153;935b6cda1c55fce73be755ccf13b69d5-a0d35786369d54772965a36ed3bd4eb6,127.0.0.1:5153;a0d35786369d54772965a36ed3bd4eb7-935b6cda1c55fce73be755ccf13b69d4,transfer Hello World; 
2021-12-13 19:24:15.071 INFO    [de.tum.i13.server.echo.EchoLogic] Received command from ECS: transfer 127.0.0.1:5153 127.0.0.1:5155 a0d35786369d54772965a36ed3bd4eb7-bb8fccd6254363033af9e837d0e789f8 
2021-12-13 19:24:15.071 INFO    [de.tum.i13.server.echo.EchoLogic] received command: transfer_successful 
2021-12-13 19:24:15.071 INFO    [de.tum.i13.ecs.StartECSServer] Updating Metadata on all servers 
2021-12-13 19:24:15.071 INFO    [de.tum.i13.server.echo.EchoLogic] Received command from ECS: update_metaData 935b6cda1c55fce73be755ccf13b69d5-a0d35786369d54772965a36ed3bd4eb6,127.0.0.1:5153;a0d35786369d54772965a36ed3bd4eb7-bb8fccd6254363033af9e837d0e789f8,127.0.0.1:5155;bb8fccd6254363033af9e837d0e789f9-a0d35786369d54772965a36ed3bd4eb6,127.0.0.1:5153;a0d35786369d54772965a36ed3bd4eb7-935b6cda1c55fce73be755ccf13b69d4,transfer Hello World; 
2021-12-13 19:24:15.180 INFO    [de.tum.i13.server.echo.EchoLogic] new connection: /127.0.0.1:52719 
2021-12-13 19:24:15.180 INFO    [de.tum.i13.server.echo.EchoLogic] Connection to MSRG Echo server established: /127.0.0.1:5155 
2021-12-13 19:24:15.180 INFO    [de.tum.i13.server.echo.EchoLogic] Transferring data in range a0d35786369d54772965a36ed3bd4eb7-bb8fccd6254363033af9e837d0e789f8 to server 127.0.0.1:5155 
2021-12-13 19:24:15.180 INFO    [de.tum.i13.server.echo.EchoLogic] Transfer completed 
2021-12-13 19:24:15.180 INFO    [de.tum.i13.server.echo.EchoLogic] Received command from ECS: update_metaData 935b6cda1c55fce73be755ccf13b69d5-a0d35786369d54772965a36ed3bd4eb6,127.0.0.1:5153;a0d35786369d54772965a36ed3bd4eb7-bb8fccd6254363033af9e837d0e789f8,127.0.0.1:5155;bb8fccd6254363033af9e837d0e789f9-a0d35786369d54772965a36ed3bd4eb6,127.0.0.1:5153;a0d35786369d54772965a36ed3bd4eb7-935b6cda1c55fce73be755ccf13b69d4,transfer Hello World; 
2021-12-13 19:24:15.180 INFO    [de.tum.i13.server.echo.EchoLogic] received command: transfer_successful 
2021-12-13 19:24:15.180 INFO    [de.tum.i13.ecs.StartECSServer] Updating Metadata on all servers 
2021-12-13 19:24:15.180 INFO    [de.tum.i13.server.echo.EchoLogic] Received command from ECS: update_metaData 935b6cda1c55fce73be755ccf13b69d5-a0d35786369d54772965a36ed3bd4eb6,127.0.0.1:5153;a0d35786369d54772965a36ed3bd4eb7-bb8fccd6254363033af9e837d0e789f8,127.0.0.1:5155;bb8fccd6254363033af9e837d0e789f9-a0d35786369d54772965a36ed3bd4eb6,127.0.0.1:5153;a0d35786369d54772965a36ed3bd4eb7-935b6cda1c55fce73be755ccf13b69d4,transfer Hello World; 
2021-12-13 19:24:15.196 INFO    [de.tum.i13.server.echo.EchoLogic] Received command from ECS: update_metaData 935b6cda1c55fce73be755ccf13b69d5-a0d35786369d54772965a36ed3bd4eb6,127.0.0.1:5153;a0d35786369d54772965a36ed3bd4eb7-bb8fccd6254363033af9e837d0e789f8,127.0.0.1:5155;bb8fccd6254363033af9e837d0e789f9-a0d35786369d54772965a36ed3bd4eb6,127.0.0.1:5153;a0d35786369d54772965a36ed3bd4eb7-935b6cda1c55fce73be755ccf13b69d4,transfer Hello World; 
2021-12-13 19:24:15.415 INFO    [de.tum.i13.server.echo.EchoLogic] new connection: /127.0.0.1:52717 
2021-12-13 19:24:15.415 INFO    [de.tum.i13.server.echo.EchoLogic] Connection to MSRG Echo server established: /127.0.0.1:5155 
2021-12-13 19:24:15.415 INFO    [de.tum.i13.server.echo.EchoLogic] Transferring all data to server 127.0.0.1:5155 
2021-12-13 19:24:15.415 INFO    [de.tum.i13.server.echo.EchoLogic] received command: transfer Test Transfer 
2021-12-13 19:24:15.420 INFO    [de.tum.i13.server.echo.EchoLogic] received command: transfer_successful 
2021-12-13 19:24:15.420 INFO    [de.tum.i13.ecs.StartECSServer] Updating Metadata on all servers 
2021-12-13 19:24:15.421 INFO    [de.tum.i13.server.echo.EchoLogic] received command: shutDown_successful 
2021-12-13 19:24:15.420 INFO    [de.tum.i13.server.echo.EchoLogic] handling incoming transfer 
2021-12-13 19:24:15.424 INFO    [de.tum.i13.server.echo.EchoLogic] Received command from ECS: update_metaData 935b6cda1c55fce73be755ccf13b69d5-a0d35786369d54772965a36ed3bd4eb6,127.0.0.1:5153;a0d35786369d54772965a36ed3bd4eb7-bb8fccd6254363033af9e837d0e789f8,127.0.0.1:5155;bb8fccd6254363033af9e837d0e789f9-a0d35786369d54772965a36ed3bd4eb6,127.0.0.1:5153;a0d35786369d54772965a36ed3bd4eb7-935b6cda1c55fce73be755ccf13b69d4,transfer Hello World; 
2021-12-13 19:24:15.425 INFO    [de.tum.i13.server.echo.EchoLogic] Received command from ECS: update_metaData 935b6cda1c55fce73be755ccf13b69d5-a0d35786369d54772965a36ed3bd4eb6,127.0.0.1:5153;a0d35786369d54772965a36ed3bd4eb7-bb8fccd6254363033af9e837d0e789f8,127.0.0.1:5155;bb8fccd6254363033af9e837d0e789f9-a0d35786369d54772965a36ed3bd4eb6,127.0.0.1:5153;a0d35786369d54772965a36ed3bd4eb7-935b6cda1c55fce73be755ccf13b69d4,transfer Hello World; 
2021-12-13 19:24:15.426 INFO    [de.tum.i13.server.echo.EchoLogic] new connection: /127.0.0.1:52722 
2021-12-13 19:24:15.426 INFO    [de.tum.i13.server.echo.EchoLogic] received command: get Test 
2021-12-13 19:24:15.426 INFO    [de.tum.i13.server.echo.EchoLogic] starting get operation 
]]></system-err>
  </testcase>
  <testcase name="testShutDown" classname="de.tum.i13.TestsMilestone3" time="2.006">
    <error type="java.lang.NullPointerException">java.lang.NullPointerException
	at de.tum.i13.TestsMilestone3.testShutDown(TestsMilestone3.java:197)
</error>
    <system-err><![CDATA[2021-12-13 19:24:15.458 INFO    [de.tum.i13.server.nio.StartSimpleNioServer] Config: Config{port=5153, listenaddr='127.0.0.1', bootstrap=clouddatabases.i13.in.tum.de/<unresolved>:5153, dataDir=data, logfile=echo.log, usagehelp=false} 
2021-12-13 19:24:15.473 INFO    [de.tum.i13.server.nio.StartSimpleNioServer] Starting server 
2021-12-13 19:24:15.473 INFO    [de.tum.i13.server.echo.EchoLogic] Setting up connection to ECS 
Exception in thread "Thread-33" java.lang.NullPointerException
	at java.base/java.net.Socket.<init>(Socket.java:514)
	at java.base/java.net.Socket.<init>(Socket.java:328)
	at de.tum.i13.server.echo.ECSManager.configureServer(ECSManager.java:71)
	at de.tum.i13.server.echo.ECSManager.<init>(ECSManager.java:31)
	at de.tum.i13.server.echo.EchoLogic.<init>(EchoLogic.java:29)
	at de.tum.i13.server.nio.StartSimpleNioServer.main(StartSimpleNioServer.java:26)
	at de.tum.i13.TestsMilestone3$3.run(TestsMilestone3.java:184)
]]></system-err>
  </testcase>
  <testcase name="testTransfer" classname="de.tum.i13.TestsMilestone3" time="0.075"/>
</testsuite>